2018-11-18 10:29:29,087 [INFO] from play.api.http.EnabledFilters in play-dev-mode-akka.actor.default-dispatcher-3 - Enabled Filters (see <https://www.playframework.com/documentation/latest/Filters>):

    play.filters.csrf.CSRFFilter
    play.filters.headers.SecurityHeadersFilter
    play.filters.hosts.AllowedHostsFilter

2018-11-18 10:29:29,137 [INFO] from play.api.Play in play-dev-mode-akka.actor.default-dispatcher-3 - Application started (Dev)
2018-11-18 10:29:29,393 [INFO] from application in application-akka.actor.default-dispatcher-2 - Opened file!
2018-11-18 10:29:37,235 [INFO] from application in application-akka.actor.default-dispatcher-2 - Opened file!
2018-11-18 10:32:19,722 [INFO] from application in application-akka.actor.default-dispatcher-5 - Opened file!
2018-11-18 10:33:58,716 [INFO] from play.api.http.EnabledFilters in play-dev-mode-akka.actor.default-dispatcher-4 - Enabled Filters (see <https://www.playframework.com/documentation/latest/Filters>):

    play.filters.csrf.CSRFFilter
    play.filters.headers.SecurityHeadersFilter
    play.filters.hosts.AllowedHostsFilter

2018-11-18 10:33:58,722 [INFO] from play.api.Play in play-dev-mode-akka.actor.default-dispatcher-4 - Application started (Dev)
2018-11-18 10:33:58,733 [INFO] from application in application-akka.actor.default-dispatcher-5 - Opened file!
2018-11-18 10:36:03,072 [INFO] from play.api.http.EnabledFilters in play-dev-mode-akka.actor.default-dispatcher-28 - Enabled Filters (see <https://www.playframework.com/documentation/latest/Filters>):

    play.filters.csrf.CSRFFilter
    play.filters.headers.SecurityHeadersFilter
    play.filters.hosts.AllowedHostsFilter

2018-11-18 10:36:03,079 [INFO] from play.api.Play in play-dev-mode-akka.actor.default-dispatcher-28 - Application started (Dev)
2018-11-18 10:36:03,088 [INFO] from application in application-akka.actor.default-dispatcher-5 - Opened file!
